{"/home/apetsi/Desktop/lambda/NannyScheduler-API-Apetsi/index.js": {"path":"/home/apetsi/Desktop/lambda/NannyScheduler-API-Apetsi/index.js","statementMap":{"0":{"start":{"line":1,"column":0},"end":{"line":1,"column":26}},"1":{"start":{"line":2,"column":16},"end":{"line":2,"column":34}},"2":{"start":{"line":3,"column":13},"end":{"line":3,"column":28}},"3":{"start":{"line":5,"column":16},"end":{"line":5,"column":47}},"4":{"start":{"line":6,"column":16},"end":{"line":6,"column":47}},"5":{"start":{"line":8,"column":12},"end":{"line":8,"column":21}},"6":{"start":{"line":11,"column":0},"end":{"line":11,"column":23}},"7":{"start":{"line":12,"column":0},"end":{"line":12,"column":48}},"8":{"start":{"line":15,"column":0},"end":{"line":15,"column":15}},"9":{"start":{"line":18,"column":0},"end":{"line":18,"column":32}},"10":{"start":{"line":19,"column":0},"end":{"line":19,"column":32}},"11":{"start":{"line":21,"column":0},"end":{"line":23,"column":2}},"12":{"start":{"line":22,"column":2},"end":{"line":22,"column":65}},"13":{"start":{"line":25,"column":0},"end":{"line":25,"column":20}}},"fnMap":{"0":{"name":"(anonymous_0)","decl":{"start":{"line":21,"column":13},"end":{"line":21,"column":14}},"loc":{"start":{"line":21,"column":27},"end":{"line":23,"column":1}},"line":21}},"branchMap":{},"s":{"0":2,"1":2,"2":2,"3":2,"4":2,"5":2,"6":2,"7":2,"8":2,"9":2,"10":2,"11":2,"12":0,"13":2},"f":{"0":0},"b":{},"_coverageSchema":"43e27e138ebf9cfc5966b082cf9a028302ed4184","hash":"38a3c749d5feacf03480d154462eec97c9847290"}
,"/home/apetsi/Desktop/lambda/NannyScheduler-API-Apetsi/knexfile.js": {"path":"/home/apetsi/Desktop/lambda/NannyScheduler-API-Apetsi/knexfile.js","statementMap":{"0":{"start":{"line":3,"column":0},"end":{"line":64,"column":1}}},"fnMap":{},"branchMap":{},"s":{"0":2},"f":{},"b":{},"_coverageSchema":"43e27e138ebf9cfc5966b082cf9a028302ed4184","hash":"9af413db2204c364658678f08197431966a15344"}
,"/home/apetsi/Desktop/lambda/NannyScheduler-API-Apetsi/config/keys.js": {"path":"/home/apetsi/Desktop/lambda/NannyScheduler-API-Apetsi/config/keys.js","statementMap":{"0":{"start":{"line":1,"column":0},"end":{"line":5,"column":1}},"1":{"start":{"line":2,"column":2},"end":{"line":2,"column":41}},"2":{"start":{"line":4,"column":2},"end":{"line":4,"column":40}}},"fnMap":{},"branchMap":{"0":{"loc":{"start":{"line":1,"column":0},"end":{"line":5,"column":1}},"type":"if","locations":[{"start":{"line":1,"column":0},"end":{"line":5,"column":1}},{"start":{"line":1,"column":0},"end":{"line":5,"column":1}}],"line":1}},"s":{"0":2,"1":0,"2":2},"f":{},"b":{"0":[0,2]},"_coverageSchema":"43e27e138ebf9cfc5966b082cf9a028302ed4184","hash":"3b68e728a4b4babba3a58f3e4e84b85b92bba8fa"}
,"/home/apetsi/Desktop/lambda/NannyScheduler-API-Apetsi/config/keys_dev.js": {"path":"/home/apetsi/Desktop/lambda/NannyScheduler-API-Apetsi/config/keys_dev.js","statementMap":{"0":{"start":{"line":1,"column":0},"end":{"line":3,"column":1}}},"fnMap":{},"branchMap":{},"s":{"0":2},"f":{},"b":{},"_coverageSchema":"43e27e138ebf9cfc5966b082cf9a028302ed4184","hash":"44cbb20f49dff66b57c9e6300f5888ca67e4d8ed"}
,"/home/apetsi/Desktop/lambda/NannyScheduler-API-Apetsi/data/db-config.js": {"path":"/home/apetsi/Desktop/lambda/NannyScheduler-API-Apetsi/data/db-config.js","statementMap":{"0":{"start":{"line":1,"column":13},"end":{"line":1,"column":28}},"1":{"start":{"line":2,"column":15},"end":{"line":2,"column":37}},"2":{"start":{"line":3,"column":0},"end":{"line":3,"column":51}}},"fnMap":{},"branchMap":{},"s":{"0":2,"1":2,"2":2},"f":{},"b":{},"_coverageSchema":"43e27e138ebf9cfc5966b082cf9a028302ed4184","hash":"979114e5e886668d489a5e33fb32a1456f3a5db7"}
,"/home/apetsi/Desktop/lambda/NannyScheduler-API-Apetsi/middlewares/index.js": {"path":"/home/apetsi/Desktop/lambda/NannyScheduler-API-Apetsi/middlewares/index.js","statementMap":{"0":{"start":{"line":2,"column":15},"end":{"line":2,"column":43}},"1":{"start":{"line":3,"column":0},"end":{"line":3,"column":61}},"2":{"start":{"line":6,"column":40},"end":{"line":6,"column":48}},"3":{"start":{"line":7,"column":2},"end":{"line":11,"column":3}},"4":{"start":{"line":8,"column":4},"end":{"line":8,"column":89}},"5":{"start":{"line":10,"column":4},"end":{"line":10,"column":10}},"6":{"start":{"line":15,"column":30},"end":{"line":15,"column":38}},"7":{"start":{"line":16,"column":17},"end":{"line":16,"column":36}},"8":{"start":{"line":17,"column":29},"end":{"line":17,"column":108}},"9":{"start":{"line":17,"column":53},"end":{"line":17,"column":107}},"10":{"start":{"line":18,"column":2},"end":{"line":20,"column":3}},"11":{"start":{"line":19,"column":4},"end":{"line":19,"column":104}},"12":{"start":{"line":21,"column":2},"end":{"line":21,"column":8}}},"fnMap":{"0":{"name":"verifyUserCred","decl":{"start":{"line":5,"column":9},"end":{"line":5,"column":23}},"loc":{"start":{"line":5,"column":41},"end":{"line":12,"column":1}},"line":5},"1":{"name":"checkIfUserAlreadyExists","decl":{"start":{"line":14,"column":15},"end":{"line":14,"column":39}},"loc":{"start":{"line":14,"column":57},"end":{"line":22,"column":1}},"line":14},"2":{"name":"(anonymous_2)","decl":{"start":{"line":17,"column":43},"end":{"line":17,"column":44}},"loc":{"start":{"line":17,"column":53},"end":{"line":17,"column":107}},"line":17}},"branchMap":{"0":{"loc":{"start":{"line":7,"column":2},"end":{"line":11,"column":3}},"type":"if","locations":[{"start":{"line":7,"column":2},"end":{"line":11,"column":3}},{"start":{"line":7,"column":2},"end":{"line":11,"column":3}}],"line":7},"1":{"loc":{"start":{"line":7,"column":6},"end":{"line":7,"column":38}},"type":"binary-expr","locations":[{"start":{"line":7,"column":6},"end":{"line":7,"column":12}},{"start":{"line":7,"column":16},"end":{"line":7,"column":25}},{"start":{"line":7,"column":29},"end":{"line":7,"column":38}}],"line":7},"2":{"loc":{"start":{"line":17,"column":53},"end":{"line":17,"column":107}},"type":"binary-expr","locations":[{"start":{"line":17,"column":53},"end":{"line":17,"column":81}},{"start":{"line":17,"column":85},"end":{"line":17,"column":107}}],"line":17},"3":{"loc":{"start":{"line":18,"column":2},"end":{"line":20,"column":3}},"type":"if","locations":[{"start":{"line":18,"column":2},"end":{"line":20,"column":3}},{"start":{"line":18,"column":2},"end":{"line":20,"column":3}}],"line":18}},"s":{"0":2,"1":2,"2":4,"3":4,"4":2,"5":2,"6":1,"7":1,"8":1,"9":0,"10":1,"11":0,"12":1},"f":{"0":4,"1":1,"2":0},"b":{"0":[2,2],"1":[4,2,2],"2":[0,0],"3":[0,1]},"_coverageSchema":"43e27e138ebf9cfc5966b082cf9a028302ed4184","hash":"bd9a2e26438422a009297d77940dfbb02e356c0f"}
,"/home/apetsi/Desktop/lambda/NannyScheduler-API-Apetsi/models/Nannies.js": {"path":"/home/apetsi/Desktop/lambda/NannyScheduler-API-Apetsi/models/Nannies.js","statementMap":{"0":{"start":{"line":1,"column":11},"end":{"line":1,"column":39}},"1":{"start":{"line":3,"column":0},"end":{"line":10,"column":1}},"2":{"start":{"line":13,"column":2},"end":{"line":13,"column":22}},"3":{"start":{"line":17,"column":2},"end":{"line":17,"column":67}},"4":{"start":{"line":21,"column":2},"end":{"line":21,"column":66}},"5":{"start":{"line":21,"column":49},"end":{"line":21,"column":65}},"6":{"start":{"line":25,"column":2},"end":{"line":25,"column":62}},"7":{"start":{"line":29,"column":2},"end":{"line":29,"column":60}},"8":{"start":{"line":33,"column":2},"end":{"line":33,"column":47}}},"fnMap":{"0":{"name":"find","decl":{"start":{"line":12,"column":9},"end":{"line":12,"column":13}},"loc":{"start":{"line":12,"column":17},"end":{"line":14,"column":1}},"line":12},"1":{"name":"update","decl":{"start":{"line":16,"column":9},"end":{"line":16,"column":15}},"loc":{"start":{"line":16,"column":29},"end":{"line":18,"column":1}},"line":16},"2":{"name":"save","decl":{"start":{"line":20,"column":9},"end":{"line":20,"column":13}},"loc":{"start":{"line":20,"column":22},"end":{"line":22,"column":1}},"line":20},"3":{"name":"(anonymous_3)","decl":{"start":{"line":21,"column":42},"end":{"line":21,"column":43}},"loc":{"start":{"line":21,"column":49},"end":{"line":21,"column":65}},"line":21},"4":{"name":"findById","decl":{"start":{"line":24,"column":9},"end":{"line":24,"column":17}},"loc":{"start":{"line":24,"column":23},"end":{"line":26,"column":1}},"line":24},"5":{"name":"remove","decl":{"start":{"line":28,"column":9},"end":{"line":28,"column":15}},"loc":{"start":{"line":28,"column":21},"end":{"line":30,"column":1}},"line":28},"6":{"name":"findByEmail","decl":{"start":{"line":32,"column":9},"end":{"line":32,"column":20}},"loc":{"start":{"line":32,"column":29},"end":{"line":34,"column":1}},"line":32}},"branchMap":{},"s":{"0":2,"1":2,"2":2,"3":0,"4":5,"5":0,"6":3,"7":0,"8":0},"f":{"0":2,"1":0,"2":5,"3":0,"4":3,"5":0,"6":0},"b":{},"_coverageSchema":"43e27e138ebf9cfc5966b082cf9a028302ed4184","hash":"34fca71f68ba6e3352c1cabcb44caf3cf599099d"}
,"/home/apetsi/Desktop/lambda/NannyScheduler-API-Apetsi/models/Parents.js": {"path":"/home/apetsi/Desktop/lambda/NannyScheduler-API-Apetsi/models/Parents.js","statementMap":{"0":{"start":{"line":1,"column":11},"end":{"line":1,"column":39}},"1":{"start":{"line":3,"column":0},"end":{"line":10,"column":1}},"2":{"start":{"line":13,"column":2},"end":{"line":13,"column":22}},"3":{"start":{"line":17,"column":2},"end":{"line":17,"column":68}},"4":{"start":{"line":21,"column":2},"end":{"line":21,"column":67}},"5":{"start":{"line":21,"column":50},"end":{"line":21,"column":66}},"6":{"start":{"line":25,"column":2},"end":{"line":25,"column":63}},"7":{"start":{"line":29,"column":2},"end":{"line":29,"column":61}},"8":{"start":{"line":33,"column":2},"end":{"line":33,"column":47}}},"fnMap":{"0":{"name":"find","decl":{"start":{"line":12,"column":9},"end":{"line":12,"column":13}},"loc":{"start":{"line":12,"column":17},"end":{"line":14,"column":1}},"line":12},"1":{"name":"update","decl":{"start":{"line":16,"column":9},"end":{"line":16,"column":15}},"loc":{"start":{"line":16,"column":29},"end":{"line":18,"column":1}},"line":16},"2":{"name":"save","decl":{"start":{"line":20,"column":9},"end":{"line":20,"column":13}},"loc":{"start":{"line":20,"column":23},"end":{"line":22,"column":1}},"line":20},"3":{"name":"(anonymous_3)","decl":{"start":{"line":21,"column":43},"end":{"line":21,"column":44}},"loc":{"start":{"line":21,"column":50},"end":{"line":21,"column":66}},"line":21},"4":{"name":"findById","decl":{"start":{"line":24,"column":9},"end":{"line":24,"column":17}},"loc":{"start":{"line":24,"column":23},"end":{"line":26,"column":1}},"line":24},"5":{"name":"remove","decl":{"start":{"line":28,"column":9},"end":{"line":28,"column":15}},"loc":{"start":{"line":28,"column":21},"end":{"line":30,"column":1}},"line":28},"6":{"name":"findByEmail","decl":{"start":{"line":32,"column":9},"end":{"line":32,"column":20}},"loc":{"start":{"line":32,"column":29},"end":{"line":34,"column":1}},"line":32}},"branchMap":{},"s":{"0":2,"1":2,"2":3,"3":0,"4":5,"5":5,"6":8,"7":1,"8":0},"f":{"0":3,"1":0,"2":5,"3":5,"4":8,"5":1,"6":0},"b":{},"_coverageSchema":"43e27e138ebf9cfc5966b082cf9a028302ed4184","hash":"2a23471f03cef4067f16c34abe6eea9a87783e41"}
,"/home/apetsi/Desktop/lambda/NannyScheduler-API-Apetsi/routes/api/nannies.js": {"path":"/home/apetsi/Desktop/lambda/NannyScheduler-API-Apetsi/routes/api/nannies.js","statementMap":{"0":{"start":{"line":1,"column":16},"end":{"line":1,"column":34}},"1":{"start":{"line":2,"column":15},"end":{"line":2,"column":31}},"2":{"start":{"line":3,"column":15},"end":{"line":3,"column":34}},"3":{"start":{"line":4,"column":19},"end":{"line":4,"column":53}},"4":{"start":{"line":6,"column":16},"end":{"line":6,"column":47}},"5":{"start":{"line":11,"column":0},"end":{"line":13,"column":2}},"6":{"start":{"line":12,"column":2},"end":{"line":12,"column":58}},"7":{"start":{"line":18,"column":0},"end":{"line":27,"column":2}},"8":{"start":{"line":19,"column":2},"end":{"line":26,"column":4}},"9":{"start":{"line":20,"column":4},"end":{"line":22,"column":5}},"10":{"start":{"line":21,"column":6},"end":{"line":21,"column":71}},"11":{"start":{"line":23,"column":4},"end":{"line":23,"column":33}},"12":{"start":{"line":25,"column":4},"end":{"line":25,"column":101}},"13":{"start":{"line":29,"column":0},"end":{"line":38,"column":2}},"14":{"start":{"line":30,"column":2},"end":{"line":37,"column":4}},"15":{"start":{"line":31,"column":4},"end":{"line":33,"column":5}},"16":{"start":{"line":32,"column":6},"end":{"line":32,"column":86}},"17":{"start":{"line":34,"column":4},"end":{"line":34,"column":31}},"18":{"start":{"line":36,"column":4},"end":{"line":36,"column":90}},"19":{"start":{"line":43,"column":0},"end":{"line":54,"column":2}},"20":{"start":{"line":44,"column":18},"end":{"line":44,"column":101}},"21":{"start":{"line":45,"column":15},"end":{"line":45,"column":52}},"22":{"start":{"line":46,"column":2},"end":{"line":46,"column":25}},"23":{"start":{"line":47,"column":2},"end":{"line":53,"column":6}},"24":{"start":{"line":49,"column":6},"end":{"line":49,"column":67}},"25":{"start":{"line":52,"column":6},"end":{"line":52,"column":91}},"26":{"start":{"line":59,"column":0},"end":{"line":61,"column":2}},"27":{"start":{"line":66,"column":0},"end":{"line":78,"column":2}},"28":{"start":{"line":67,"column":2},"end":{"line":77,"column":4}},"29":{"start":{"line":68,"column":4},"end":{"line":76,"column":5}},"30":{"start":{"line":69,"column":6},"end":{"line":73,"column":8}},"31":{"start":{"line":70,"column":8},"end":{"line":70,"column":71}},"32":{"start":{"line":72,"column":8},"end":{"line":72,"column":83}},"33":{"start":{"line":75,"column":6},"end":{"line":75,"column":80}},"34":{"start":{"line":80,"column":0},"end":{"line":80,"column":23}}},"fnMap":{"0":{"name":"(anonymous_0)","decl":{"start":{"line":11,"column":20},"end":{"line":11,"column":21}},"loc":{"start":{"line":11,"column":34},"end":{"line":13,"column":1}},"line":11},"1":{"name":"(anonymous_1)","decl":{"start":{"line":18,"column":16},"end":{"line":18,"column":17}},"loc":{"start":{"line":18,"column":30},"end":{"line":27,"column":1}},"line":18},"2":{"name":"(anonymous_2)","decl":{"start":{"line":19,"column":22},"end":{"line":19,"column":23}},"loc":{"start":{"line":19,"column":33},"end":{"line":24,"column":3}},"line":19},"3":{"name":"(anonymous_3)","decl":{"start":{"line":24,"column":11},"end":{"line":24,"column":12}},"loc":{"start":{"line":24,"column":18},"end":{"line":26,"column":3}},"line":24},"4":{"name":"(anonymous_4)","decl":{"start":{"line":29,"column":19},"end":{"line":29,"column":20}},"loc":{"start":{"line":29,"column":33},"end":{"line":38,"column":1}},"line":29},"5":{"name":"(anonymous_5)","decl":{"start":{"line":30,"column":39},"end":{"line":30,"column":40}},"loc":{"start":{"line":30,"column":48},"end":{"line":35,"column":3}},"line":30},"6":{"name":"(anonymous_6)","decl":{"start":{"line":35,"column":11},"end":{"line":35,"column":12}},"loc":{"start":{"line":35,"column":18},"end":{"line":37,"column":3}},"line":35},"7":{"name":"(anonymous_7)","decl":{"start":{"line":43,"column":54},"end":{"line":43,"column":55}},"loc":{"start":{"line":43,"column":68},"end":{"line":54,"column":1}},"line":43},"8":{"name":"(anonymous_8)","decl":{"start":{"line":48,"column":10},"end":{"line":48,"column":11}},"loc":{"start":{"line":48,"column":19},"end":{"line":50,"column":5}},"line":48},"9":{"name":"(anonymous_9)","decl":{"start":{"line":51,"column":11},"end":{"line":51,"column":12}},"loc":{"start":{"line":51,"column":18},"end":{"line":53,"column":5}},"line":51},"10":{"name":"(anonymous_10)","decl":{"start":{"line":59,"column":31},"end":{"line":59,"column":32}},"loc":{"start":{"line":59,"column":45},"end":{"line":61,"column":1}},"line":59},"11":{"name":"(anonymous_11)","decl":{"start":{"line":66,"column":22},"end":{"line":66,"column":23}},"loc":{"start":{"line":66,"column":36},"end":{"line":78,"column":1}},"line":66},"12":{"name":"(anonymous_12)","decl":{"start":{"line":67,"column":39},"end":{"line":67,"column":40}},"loc":{"start":{"line":67,"column":48},"end":{"line":77,"column":3}},"line":67},"13":{"name":"(anonymous_13)","decl":{"start":{"line":69,"column":41},"end":{"line":69,"column":42}},"loc":{"start":{"line":69,"column":50},"end":{"line":71,"column":7}},"line":69},"14":{"name":"(anonymous_14)","decl":{"start":{"line":71,"column":15},"end":{"line":71,"column":16}},"loc":{"start":{"line":71,"column":22},"end":{"line":73,"column":7}},"line":71}},"branchMap":{"0":{"loc":{"start":{"line":20,"column":4},"end":{"line":22,"column":5}},"type":"if","locations":[{"start":{"line":20,"column":4},"end":{"line":22,"column":5}},{"start":{"line":20,"column":4},"end":{"line":22,"column":5}}],"line":20},"1":{"loc":{"start":{"line":31,"column":4},"end":{"line":33,"column":5}},"type":"if","locations":[{"start":{"line":31,"column":4},"end":{"line":33,"column":5}},{"start":{"line":31,"column":4},"end":{"line":33,"column":5}}],"line":31},"2":{"loc":{"start":{"line":68,"column":4},"end":{"line":76,"column":5}},"type":"if","locations":[{"start":{"line":68,"column":4},"end":{"line":76,"column":5}},{"start":{"line":68,"column":4},"end":{"line":76,"column":5}}],"line":68}},"s":{"0":2,"1":2,"2":2,"3":2,"4":2,"5":2,"6":2,"7":2,"8":2,"9":0,"10":0,"11":0,"12":2,"13":2,"14":2,"15":0,"16":0,"17":0,"18":2,"19":2,"20":1,"21":1,"22":1,"23":1,"24":0,"25":1,"26":2,"27":2,"28":1,"29":0,"30":0,"31":0,"32":0,"33":0,"34":2},"f":{"0":2,"1":2,"2":0,"3":2,"4":2,"5":0,"6":2,"7":1,"8":0,"9":1,"10":0,"11":1,"12":0,"13":0,"14":0},"b":{"0":[0,0],"1":[0,0],"2":[0,0]},"_coverageSchema":"43e27e138ebf9cfc5966b082cf9a028302ed4184","hash":"d055b24b029caf6561f4f621e8f61512fae87012"}
,"/home/apetsi/Desktop/lambda/NannyScheduler-API-Apetsi/routes/api/parents.js": {"path":"/home/apetsi/Desktop/lambda/NannyScheduler-API-Apetsi/routes/api/parents.js","statementMap":{"0":{"start":{"line":1,"column":16},"end":{"line":1,"column":34}},"1":{"start":{"line":2,"column":15},"end":{"line":2,"column":31}},"2":{"start":{"line":3,"column":15},"end":{"line":3,"column":34}},"3":{"start":{"line":4,"column":19},"end":{"line":4,"column":56}},"4":{"start":{"line":5,"column":12},"end":{"line":5,"column":35}},"5":{"start":{"line":6,"column":13},"end":{"line":6,"column":41}},"6":{"start":{"line":8,"column":16},"end":{"line":8,"column":47}},"7":{"start":{"line":13,"column":0},"end":{"line":15,"column":2}},"8":{"start":{"line":14,"column":2},"end":{"line":14,"column":58}},"9":{"start":{"line":20,"column":0},"end":{"line":29,"column":2}},"10":{"start":{"line":21,"column":2},"end":{"line":28,"column":4}},"11":{"start":{"line":22,"column":4},"end":{"line":24,"column":5}},"12":{"start":{"line":23,"column":6},"end":{"line":23,"column":66}},"13":{"start":{"line":25,"column":4},"end":{"line":25,"column":33}},"14":{"start":{"line":27,"column":4},"end":{"line":27,"column":101}},"15":{"start":{"line":34,"column":0},"end":{"line":45,"column":2}},"16":{"start":{"line":35,"column":2},"end":{"line":44,"column":6}},"17":{"start":{"line":37,"column":6},"end":{"line":39,"column":7}},"18":{"start":{"line":38,"column":8},"end":{"line":38,"column":86}},"19":{"start":{"line":40,"column":6},"end":{"line":40,"column":34}},"20":{"start":{"line":43,"column":6},"end":{"line":43,"column":101}},"21":{"start":{"line":50,"column":0},"end":{"line":61,"column":2}},"22":{"start":{"line":51,"column":18},"end":{"line":51,"column":101}},"23":{"start":{"line":52,"column":15},"end":{"line":52,"column":52}},"24":{"start":{"line":53,"column":2},"end":{"line":53,"column":25}},"25":{"start":{"line":54,"column":2},"end":{"line":60,"column":6}},"26":{"start":{"line":56,"column":6},"end":{"line":56,"column":68}},"27":{"start":{"line":59,"column":6},"end":{"line":59,"column":92}},"28":{"start":{"line":66,"column":0},"end":{"line":81,"column":2}},"29":{"start":{"line":67,"column":19},"end":{"line":67,"column":73}},"30":{"start":{"line":68,"column":2},"end":{"line":80,"column":4}},"31":{"start":{"line":69,"column":4},"end":{"line":77,"column":5}},"32":{"start":{"line":70,"column":20},"end":{"line":70,"column":41}},"33":{"start":{"line":71,"column":6},"end":{"line":74,"column":8}},"34":{"start":{"line":76,"column":6},"end":{"line":76,"column":62}},"35":{"start":{"line":79,"column":4},"end":{"line":79,"column":29}},"36":{"start":{"line":84,"column":18},"end":{"line":87,"column":3}},"37":{"start":{"line":89,"column":18},"end":{"line":91,"column":3}},"38":{"start":{"line":93,"column":2},"end":{"line":93,"column":52}},"39":{"start":{"line":99,"column":0},"end":{"line":111,"column":2}},"40":{"start":{"line":100,"column":2},"end":{"line":110,"column":4}},"41":{"start":{"line":101,"column":4},"end":{"line":109,"column":5}},"42":{"start":{"line":102,"column":6},"end":{"line":106,"column":8}},"43":{"start":{"line":103,"column":8},"end":{"line":103,"column":72}},"44":{"start":{"line":105,"column":8},"end":{"line":105,"column":84}},"45":{"start":{"line":108,"column":6},"end":{"line":108,"column":81}},"46":{"start":{"line":113,"column":0},"end":{"line":113,"column":23}}},"fnMap":{"0":{"name":"(anonymous_0)","decl":{"start":{"line":13,"column":20},"end":{"line":13,"column":21}},"loc":{"start":{"line":13,"column":34},"end":{"line":15,"column":1}},"line":13},"1":{"name":"(anonymous_1)","decl":{"start":{"line":20,"column":16},"end":{"line":20,"column":17}},"loc":{"start":{"line":20,"column":30},"end":{"line":29,"column":1}},"line":20},"2":{"name":"(anonymous_2)","decl":{"start":{"line":21,"column":22},"end":{"line":21,"column":23}},"loc":{"start":{"line":21,"column":33},"end":{"line":26,"column":3}},"line":21},"3":{"name":"(anonymous_3)","decl":{"start":{"line":26,"column":11},"end":{"line":26,"column":12}},"loc":{"start":{"line":26,"column":18},"end":{"line":28,"column":3}},"line":26},"4":{"name":"(anonymous_4)","decl":{"start":{"line":34,"column":19},"end":{"line":34,"column":20}},"loc":{"start":{"line":34,"column":33},"end":{"line":45,"column":1}},"line":34},"5":{"name":"(anonymous_5)","decl":{"start":{"line":36,"column":10},"end":{"line":36,"column":11}},"loc":{"start":{"line":36,"column":20},"end":{"line":41,"column":5}},"line":36},"6":{"name":"(anonymous_6)","decl":{"start":{"line":42,"column":11},"end":{"line":42,"column":12}},"loc":{"start":{"line":42,"column":18},"end":{"line":44,"column":5}},"line":42},"7":{"name":"(anonymous_7)","decl":{"start":{"line":50,"column":91},"end":{"line":50,"column":92}},"loc":{"start":{"line":50,"column":105},"end":{"line":61,"column":1}},"line":50},"8":{"name":"(anonymous_8)","decl":{"start":{"line":55,"column":10},"end":{"line":55,"column":11}},"loc":{"start":{"line":55,"column":20},"end":{"line":57,"column":5}},"line":55},"9":{"name":"(anonymous_9)","decl":{"start":{"line":58,"column":11},"end":{"line":58,"column":12}},"loc":{"start":{"line":58,"column":18},"end":{"line":60,"column":5}},"line":58},"10":{"name":"(anonymous_10)","decl":{"start":{"line":66,"column":22},"end":{"line":66,"column":23}},"loc":{"start":{"line":66,"column":36},"end":{"line":81,"column":1}},"line":66},"11":{"name":"(anonymous_11)","decl":{"start":{"line":68,"column":43},"end":{"line":68,"column":44}},"loc":{"start":{"line":68,"column":53},"end":{"line":78,"column":3}},"line":68},"12":{"name":"(anonymous_12)","decl":{"start":{"line":78,"column":11},"end":{"line":78,"column":12}},"loc":{"start":{"line":78,"column":18},"end":{"line":80,"column":3}},"line":78},"13":{"name":"generateToken","decl":{"start":{"line":83,"column":9},"end":{"line":83,"column":22}},"loc":{"start":{"line":83,"column":30},"end":{"line":94,"column":1}},"line":83},"14":{"name":"(anonymous_14)","decl":{"start":{"line":99,"column":22},"end":{"line":99,"column":23}},"loc":{"start":{"line":99,"column":36},"end":{"line":111,"column":1}},"line":99},"15":{"name":"(anonymous_15)","decl":{"start":{"line":100,"column":39},"end":{"line":100,"column":40}},"loc":{"start":{"line":100,"column":49},"end":{"line":110,"column":3}},"line":100},"16":{"name":"(anonymous_16)","decl":{"start":{"line":102,"column":41},"end":{"line":102,"column":42}},"loc":{"start":{"line":102,"column":51},"end":{"line":104,"column":7}},"line":102},"17":{"name":"(anonymous_17)","decl":{"start":{"line":104,"column":15},"end":{"line":104,"column":16}},"loc":{"start":{"line":104,"column":22},"end":{"line":106,"column":7}},"line":104}},"branchMap":{"0":{"loc":{"start":{"line":22,"column":4},"end":{"line":24,"column":5}},"type":"if","locations":[{"start":{"line":22,"column":4},"end":{"line":24,"column":5}},{"start":{"line":22,"column":4},"end":{"line":24,"column":5}}],"line":22},"1":{"loc":{"start":{"line":37,"column":6},"end":{"line":39,"column":7}},"type":"if","locations":[{"start":{"line":37,"column":6},"end":{"line":39,"column":7}},{"start":{"line":37,"column":6},"end":{"line":39,"column":7}}],"line":37},"2":{"loc":{"start":{"line":69,"column":4},"end":{"line":77,"column":5}},"type":"if","locations":[{"start":{"line":69,"column":4},"end":{"line":77,"column":5}},{"start":{"line":69,"column":4},"end":{"line":77,"column":5}}],"line":69},"3":{"loc":{"start":{"line":69,"column":8},"end":{"line":69,"column":72}},"type":"binary-expr","locations":[{"start":{"line":69,"column":8},"end":{"line":69,"column":14}},{"start":{"line":69,"column":18},"end":{"line":69,"column":72}}],"line":69},"4":{"loc":{"start":{"line":101,"column":4},"end":{"line":109,"column":5}},"type":"if","locations":[{"start":{"line":101,"column":4},"end":{"line":109,"column":5}},{"start":{"line":101,"column":4},"end":{"line":109,"column":5}}],"line":101}},"s":{"0":2,"1":2,"2":2,"3":2,"4":2,"5":2,"6":2,"7":2,"8":2,"9":2,"10":2,"11":2,"12":1,"13":1,"14":0,"15":2,"16":2,"17":2,"18":1,"19":1,"20":0,"21":2,"22":1,"23":1,"24":1,"25":1,"26":1,"27":0,"28":2,"29":0,"30":0,"31":0,"32":0,"33":0,"34":0,"35":0,"36":0,"37":0,"38":0,"39":2,"40":1,"41":1,"42":1,"43":1,"44":0,"45":0,"46":2},"f":{"0":2,"1":2,"2":2,"3":0,"4":2,"5":2,"6":0,"7":1,"8":1,"9":0,"10":0,"11":0,"12":0,"13":0,"14":1,"15":1,"16":1,"17":0},"b":{"0":[1,1],"1":[1,1],"2":[0,0],"3":[0,0],"4":[1,0]},"_coverageSchema":"43e27e138ebf9cfc5966b082cf9a028302ed4184","hash":"a699e3629351e0817092f189c51d334be14d3a84"}
}
