TN:
SF:/home/apetsi/Desktop/lambda/NannyScheduler-API-Apetsi/index.js
FN:21,(anonymous_0)
FNF:1
FNH:0
FNDA:0,(anonymous_0)
DA:1,2
DA:2,2
DA:3,2
DA:5,2
DA:6,2
DA:8,2
DA:11,2
DA:12,2
DA:15,2
DA:18,2
DA:19,2
DA:21,2
DA:22,0
DA:25,2
LF:14
LH:13
BRF:0
BRH:0
end_of_record
TN:
SF:/home/apetsi/Desktop/lambda/NannyScheduler-API-Apetsi/knexfile.js
FNF:0
FNH:0
DA:3,2
LF:1
LH:1
BRF:0
BRH:0
end_of_record
TN:
SF:/home/apetsi/Desktop/lambda/NannyScheduler-API-Apetsi/config/keys.js
FNF:0
FNH:0
DA:1,2
DA:2,0
DA:4,2
LF:3
LH:2
BRDA:1,0,0,0
BRDA:1,0,1,2
BRF:2
BRH:1
end_of_record
TN:
SF:/home/apetsi/Desktop/lambda/NannyScheduler-API-Apetsi/config/keys_dev.js
FNF:0
FNH:0
DA:1,2
LF:1
LH:1
BRF:0
BRH:0
end_of_record
TN:
SF:/home/apetsi/Desktop/lambda/NannyScheduler-API-Apetsi/data/db-config.js
FNF:0
FNH:0
DA:1,2
DA:2,2
DA:3,2
LF:3
LH:3
BRF:0
BRH:0
end_of_record
TN:
SF:/home/apetsi/Desktop/lambda/NannyScheduler-API-Apetsi/middlewares/index.js
FN:5,verifyUserCred
FN:14,checkIfUserAlreadyExists
FN:17,(anonymous_2)
FNF:3
FNH:2
FNDA:4,verifyUserCred
FNDA:1,checkIfUserAlreadyExists
FNDA:0,(anonymous_2)
DA:2,2
DA:3,2
DA:6,4
DA:7,4
DA:8,2
DA:10,2
DA:15,1
DA:16,1
DA:17,1
DA:18,1
DA:19,0
DA:21,1
LF:12
LH:11
BRDA:7,0,0,2
BRDA:7,0,1,2
BRDA:7,1,0,4
BRDA:7,1,1,2
BRDA:7,1,2,2
BRDA:17,2,0,0
BRDA:17,2,1,0
BRDA:18,3,0,0
BRDA:18,3,1,1
BRF:9
BRH:6
end_of_record
TN:
SF:/home/apetsi/Desktop/lambda/NannyScheduler-API-Apetsi/models/Nannies.js
FN:12,find
FN:16,update
FN:20,save
FN:21,(anonymous_3)
FN:24,findById
FN:28,remove
FN:32,findByEmail
FNF:7
FNH:3
FNDA:2,find
FNDA:0,update
FNDA:5,save
FNDA:0,(anonymous_3)
FNDA:3,findById
FNDA:0,remove
FNDA:0,findByEmail
DA:1,2
DA:3,2
DA:13,2
DA:17,0
DA:21,5
DA:25,3
DA:29,0
DA:33,0
LF:8
LH:5
BRF:0
BRH:0
end_of_record
TN:
SF:/home/apetsi/Desktop/lambda/NannyScheduler-API-Apetsi/models/Parents.js
FN:12,find
FN:16,update
FN:20,save
FN:21,(anonymous_3)
FN:24,findById
FN:28,remove
FN:32,findByEmail
FNF:7
FNH:5
FNDA:3,find
FNDA:0,update
FNDA:5,save
FNDA:5,(anonymous_3)
FNDA:8,findById
FNDA:1,remove
FNDA:0,findByEmail
DA:1,2
DA:3,2
DA:13,3
DA:17,0
DA:21,5
DA:25,8
DA:29,1
DA:33,0
LF:8
LH:6
BRF:0
BRH:0
end_of_record
TN:
SF:/home/apetsi/Desktop/lambda/NannyScheduler-API-Apetsi/routes/api/nannies.js
FN:11,(anonymous_0)
FN:18,(anonymous_1)
FN:19,(anonymous_2)
FN:24,(anonymous_3)
FN:29,(anonymous_4)
FN:30,(anonymous_5)
FN:35,(anonymous_6)
FN:43,(anonymous_7)
FN:48,(anonymous_8)
FN:51,(anonymous_9)
FN:59,(anonymous_10)
FN:66,(anonymous_11)
FN:67,(anonymous_12)
FN:69,(anonymous_13)
FN:71,(anonymous_14)
FNF:15
FNH:8
FNDA:2,(anonymous_0)
FNDA:2,(anonymous_1)
FNDA:0,(anonymous_2)
FNDA:2,(anonymous_3)
FNDA:2,(anonymous_4)
FNDA:0,(anonymous_5)
FNDA:2,(anonymous_6)
FNDA:1,(anonymous_7)
FNDA:0,(anonymous_8)
FNDA:1,(anonymous_9)
FNDA:0,(anonymous_10)
FNDA:1,(anonymous_11)
FNDA:0,(anonymous_12)
FNDA:0,(anonymous_13)
FNDA:0,(anonymous_14)
DA:1,2
DA:2,2
DA:3,2
DA:4,2
DA:6,2
DA:11,2
DA:12,2
DA:18,2
DA:19,2
DA:20,0
DA:21,0
DA:23,0
DA:25,2
DA:29,2
DA:30,2
DA:31,0
DA:32,0
DA:34,0
DA:36,2
DA:43,2
DA:44,1
DA:45,1
DA:46,1
DA:47,1
DA:49,0
DA:52,1
DA:59,2
DA:66,2
DA:67,1
DA:68,0
DA:69,0
DA:70,0
DA:72,0
DA:75,0
DA:80,2
LF:35
LH:23
BRDA:20,0,0,0
BRDA:20,0,1,0
BRDA:31,1,0,0
BRDA:31,1,1,0
BRDA:68,2,0,0
BRDA:68,2,1,0
BRF:6
BRH:0
end_of_record
TN:
SF:/home/apetsi/Desktop/lambda/NannyScheduler-API-Apetsi/routes/api/parents.js
FN:13,(anonymous_0)
FN:20,(anonymous_1)
FN:21,(anonymous_2)
FN:26,(anonymous_3)
FN:34,(anonymous_4)
FN:36,(anonymous_5)
FN:42,(anonymous_6)
FN:50,(anonymous_7)
FN:55,(anonymous_8)
FN:58,(anonymous_9)
FN:66,(anonymous_10)
FN:68,(anonymous_11)
FN:78,(anonymous_12)
FN:83,generateToken
FN:99,(anonymous_14)
FN:100,(anonymous_15)
FN:102,(anonymous_16)
FN:104,(anonymous_17)
FNF:18
FNH:10
FNDA:2,(anonymous_0)
FNDA:2,(anonymous_1)
FNDA:2,(anonymous_2)
FNDA:0,(anonymous_3)
FNDA:2,(anonymous_4)
FNDA:2,(anonymous_5)
FNDA:0,(anonymous_6)
FNDA:1,(anonymous_7)
FNDA:1,(anonymous_8)
FNDA:0,(anonymous_9)
FNDA:0,(anonymous_10)
FNDA:0,(anonymous_11)
FNDA:0,(anonymous_12)
FNDA:0,generateToken
FNDA:1,(anonymous_14)
FNDA:1,(anonymous_15)
FNDA:1,(anonymous_16)
FNDA:0,(anonymous_17)
DA:1,2
DA:2,2
DA:3,2
DA:4,2
DA:5,2
DA:6,2
DA:8,2
DA:13,2
DA:14,2
DA:20,2
DA:21,2
DA:22,2
DA:23,1
DA:25,1
DA:27,0
DA:34,2
DA:35,2
DA:37,2
DA:38,1
DA:40,1
DA:43,0
DA:50,2
DA:51,1
DA:52,1
DA:53,1
DA:54,1
DA:56,1
DA:59,0
DA:66,2
DA:67,0
DA:68,0
DA:69,0
DA:70,0
DA:71,0
DA:76,0
DA:79,0
DA:84,0
DA:89,0
DA:93,0
DA:99,2
DA:100,1
DA:101,1
DA:102,1
DA:103,1
DA:105,0
DA:108,0
DA:113,2
LF:47
LH:32
BRDA:22,0,0,1
BRDA:22,0,1,1
BRDA:37,1,0,1
BRDA:37,1,1,1
BRDA:69,2,0,0
BRDA:69,2,1,0
BRDA:69,3,0,0
BRDA:69,3,1,0
BRDA:101,4,0,1
BRDA:101,4,1,0
BRF:10
BRH:5
end_of_record
